Determining if the pthread_create exist failed with the following output:
Change Dir: /home/abc418/my_iiwa_stack_latest/src/iiwa_stack-update-v1.7-from-upstream/iiwa_ros/build/CMakeFiles/CMakeTmp

Run Build Command:"/usr/bin/make" "cmTC_48d94/fast"
/usr/bin/make -f CMakeFiles/cmTC_48d94.dir/build.make CMakeFiles/cmTC_48d94.dir/build
make[1]: 进入目录“/home/abc418/my_iiwa_stack_latest/src/iiwa_stack-update-v1.7-from-upstream/iiwa_ros/build/CMakeFiles/CMakeTmp”
Building C object CMakeFiles/cmTC_48d94.dir/CheckSymbolExists.c.o
/usr/bin/cc    -o CMakeFiles/cmTC_48d94.dir/CheckSymbolExists.c.o   -c /home/abc418/my_iiwa_stack_latest/src/iiwa_stack-update-v1.7-from-upstream/iiwa_ros/build/CMakeFiles/CMakeTmp/CheckSymbolExists.c
Linking C executable cmTC_48d94
/usr/bin/cmake -E cmake_link_script CMakeFiles/cmTC_48d94.dir/link.txt --verbose=1
/usr/bin/cc      -rdynamic CMakeFiles/cmTC_48d94.dir/CheckSymbolExists.c.o  -o cmTC_48d94 
CMakeFiles/cmTC_48d94.dir/CheckSymbolExists.c.o：在函数‘main’中：
CheckSymbolExists.c:(.text+0x1b)：对‘pthread_create’未定义的引用
collect2: error: ld returned 1 exit status
CMakeFiles/cmTC_48d94.dir/build.make:97: recipe for target 'cmTC_48d94' failed
make[1]: *** [cmTC_48d94] Error 1
make[1]: 离开目录“/home/abc418/my_iiwa_stack_latest/src/iiwa_stack-update-v1.7-from-upstream/iiwa_ros/build/CMakeFiles/CMakeTmp”
Makefile:126: recipe for target 'cmTC_48d94/fast' failed
make: *** [cmTC_48d94/fast] Error 2

File /home/abc418/my_iiwa_stack_latest/src/iiwa_stack-update-v1.7-from-upstream/iiwa_ros/build/CMakeFiles/CMakeTmp/CheckSymbolExists.c:
/* */
#include <pthread.h>

int main(int argc, char** argv)
{
  (void)argv;
#ifndef pthread_create
  return ((int*)(&pthread_create))[argc];
#else
  (void)argc;
  return 0;
#endif
}

Determining if the function pthread_create exists in the pthreads failed with the following output:
Change Dir: /home/abc418/my_iiwa_stack_latest/src/iiwa_stack-update-v1.7-from-upstream/iiwa_ros/build/CMakeFiles/CMakeTmp

Run Build Command:"/usr/bin/make" "cmTC_7f6e8/fast"
/usr/bin/make -f CMakeFiles/cmTC_7f6e8.dir/build.make CMakeFiles/cmTC_7f6e8.dir/build
make[1]: 进入目录“/home/abc418/my_iiwa_stack_latest/src/iiwa_stack-update-v1.7-from-upstream/iiwa_ros/build/CMakeFiles/CMakeTmp”
Building C object CMakeFiles/cmTC_7f6e8.dir/CheckFunctionExists.c.o
/usr/bin/cc   -DCHECK_FUNCTION_EXISTS=pthread_create   -o CMakeFiles/cmTC_7f6e8.dir/CheckFunctionExists.c.o   -c /usr/share/cmake-3.10/Modules/CheckFunctionExists.c
Linking C executable cmTC_7f6e8
/usr/bin/cmake -E cmake_link_script CMakeFiles/cmTC_7f6e8.dir/link.txt --verbose=1
/usr/bin/cc  -DCHECK_FUNCTION_EXISTS=pthread_create    -rdynamic CMakeFiles/cmTC_7f6e8.dir/CheckFunctionExists.c.o  -o cmTC_7f6e8 -lpthreads 
/usr/bin/ld: 找不到 -lpthreads
collect2: error: ld returned 1 exit status
CMakeFiles/cmTC_7f6e8.dir/build.make:97: recipe for target 'cmTC_7f6e8' failed
make[1]: *** [cmTC_7f6e8] Error 1
make[1]: 离开目录“/home/abc418/my_iiwa_stack_latest/src/iiwa_stack-update-v1.7-from-upstream/iiwa_ros/build/CMakeFiles/CMakeTmp”
Makefile:126: recipe for target 'cmTC_7f6e8/fast' failed
make: *** [cmTC_7f6e8/fast] Error 2


